mode: set
github.com/milos85vasic/My-Patreon-Manager/internal/config/config.go:43.26,60.2 1 1
github.com/milos85vasic/My-Patreon-Manager/internal/config/config.go:62.35,63.29 1 1
github.com/milos85vasic/My-Patreon-Manager/internal/config/config.go:63.29,65.3 1 1
github.com/milos85vasic/My-Patreon-Manager/internal/config/config.go:66.2,66.33 1 1
github.com/milos85vasic/My-Patreon-Manager/internal/config/config.go:66.33,68.3 1 1
github.com/milos85vasic/My-Patreon-Manager/internal/config/config.go:69.2,69.32 1 1
github.com/milos85vasic/My-Patreon-Manager/internal/config/config.go:69.32,71.3 1 1
github.com/milos85vasic/My-Patreon-Manager/internal/config/config.go:72.2,72.31 1 1
github.com/milos85vasic/My-Patreon-Manager/internal/config/config.go:72.31,74.3 1 1
github.com/milos85vasic/My-Patreon-Manager/internal/config/config.go:75.2,75.24 1 1
github.com/milos85vasic/My-Patreon-Manager/internal/config/config.go:75.24,77.3 1 1
github.com/milos85vasic/My-Patreon-Manager/internal/config/config.go:78.2,78.12 1 1
github.com/milos85vasic/My-Patreon-Manager/internal/config/config.go:81.31,82.20 1 1
github.com/milos85vasic/My-Patreon-Manager/internal/config/config.go:83.18,85.57 1 1
github.com/milos85vasic/My-Patreon-Manager/internal/config/config.go:86.16,87.18 1 1
github.com/milos85vasic/My-Patreon-Manager/internal/config/config.go:88.10,89.18 1 1
github.com/milos85vasic/My-Patreon-Manager/internal/config/config.go:93.44,94.38 1 1
github.com/milos85vasic/My-Patreon-Manager/internal/config/config.go:94.38,96.3 1 1
github.com/milos85vasic/My-Patreon-Manager/internal/config/config.go:97.2,97.19 1 1
github.com/milos85vasic/My-Patreon-Manager/internal/config/config.go:100.48,101.38 1 1
github.com/milos85vasic/My-Patreon-Manager/internal/config/config.go:101.38,102.46 1 1
github.com/milos85vasic/My-Patreon-Manager/internal/config/config.go:102.46,104.4 1 1
github.com/milos85vasic/My-Patreon-Manager/internal/config/config.go:106.2,106.19 1 1
github.com/milos85vasic/My-Patreon-Manager/internal/config/config.go:109.58,110.38 1 1
github.com/milos85vasic/My-Patreon-Manager/internal/config/config.go:110.38,111.56 1 1
github.com/milos85vasic/My-Patreon-Manager/internal/config/config.go:111.56,113.4 1 1
github.com/milos85vasic/My-Patreon-Manager/internal/config/config.go:115.2,115.19 1 1
github.com/milos85vasic/My-Patreon-Manager/internal/config/config.go:118.51,119.38 1 1
github.com/milos85vasic/My-Patreon-Manager/internal/config/config.go:119.38,120.14 1 1
github.com/milos85vasic/My-Patreon-Manager/internal/config/config.go:121.33,122.15 1 1
github.com/milos85vasic/My-Patreon-Manager/internal/config/config.go:123.11,124.16 1 1
github.com/milos85vasic/My-Patreon-Manager/internal/config/config.go:127.2,127.19 1 1
github.com/milos85vasic/My-Patreon-Manager/internal/config/config.go:130.32,162.2 31 1
github.com/milos85vasic/My-Patreon-Manager/internal/config/env.go:9.37,10.21 1 1
github.com/milos85vasic/My-Patreon-Manager/internal/config/env.go:10.21,12.3 1 1
github.com/milos85vasic/My-Patreon-Manager/internal/config/env.go:13.2,13.26 1 1
github.com/milos85vasic/My-Patreon-Manager/internal/config/env.go:13.26,14.42 1 1
github.com/milos85vasic/My-Patreon-Manager/internal/config/env.go:14.42,15.40 1 1
github.com/milos85vasic/My-Patreon-Manager/internal/config/env.go:15.40,16.13 1 1
github.com/milos85vasic/My-Patreon-Manager/internal/config/env.go:18.4,18.14 1 0
github.com/milos85vasic/My-Patreon-Manager/internal/config/env.go:21.2,21.12 1 1
github.com/milos85vasic/My-Patreon-Manager/internal/config/env.go:24.45,25.21 1 1
github.com/milos85vasic/My-Patreon-Manager/internal/config/env.go:25.21,27.3 1 1
github.com/milos85vasic/My-Patreon-Manager/internal/config/env.go:28.2,28.26 1 1
github.com/milos85vasic/My-Patreon-Manager/internal/config/env.go:28.26,29.46 1 1
github.com/milos85vasic/My-Patreon-Manager/internal/config/env.go:29.46,30.40 1 1
github.com/milos85vasic/My-Patreon-Manager/internal/config/env.go:30.40,31.13 1 1
github.com/milos85vasic/My-Patreon-Manager/internal/config/env.go:33.4,33.14 1 0
github.com/milos85vasic/My-Patreon-Manager/internal/config/env.go:36.2,36.12 1 1
