mode: set
github.com/milos85vasic/My-Patreon-Manager/internal/errors/errors.go:19.52,19.68 1 1
github.com/milos85vasic/My-Patreon-Manager/internal/errors/errors.go:20.52,20.69 1 1
github.com/milos85vasic/My-Patreon-Manager/internal/errors/errors.go:21.52,21.74 1 1
github.com/milos85vasic/My-Patreon-Manager/internal/errors/errors.go:22.52,22.79 1 1
github.com/milos85vasic/My-Patreon-Manager/internal/errors/errors.go:24.88,26.2 1 1
github.com/milos85vasic/My-Patreon-Manager/internal/errors/errors.go:28.51,30.2 1 1
github.com/milos85vasic/My-Patreon-Manager/internal/errors/errors.go:32.47,34.2 1 1
github.com/milos85vasic/My-Patreon-Manager/internal/errors/errors.go:36.61,38.2 1 1
github.com/milos85vasic/My-Patreon-Manager/internal/errors/errors.go:40.49,42.2 1 1
github.com/milos85vasic/My-Patreon-Manager/internal/errors/errors.go:44.41,46.2 1 1
github.com/milos85vasic/My-Patreon-Manager/internal/errors/errors.go:48.48,50.2 1 1
github.com/milos85vasic/My-Patreon-Manager/internal/errors/errors.go:52.40,54.2 1 1
github.com/milos85vasic/My-Patreon-Manager/internal/errors/errors.go:56.47,58.2 1 1
github.com/milos85vasic/My-Patreon-Manager/internal/errors/errors.go:60.36,61.39 1 1
github.com/milos85vasic/My-Patreon-Manager/internal/errors/errors.go:61.39,63.3 1 1
github.com/milos85vasic/My-Patreon-Manager/internal/errors/errors.go:64.2,64.14 1 1
github.com/milos85vasic/My-Patreon-Manager/internal/errors/errors.go:67.39,68.39 1 0
github.com/milos85vasic/My-Patreon-Manager/internal/errors/errors.go:68.39,70.3 1 0
github.com/milos85vasic/My-Patreon-Manager/internal/errors/errors.go:71.2,71.14 1 0
github.com/milos85vasic/My-Patreon-Manager/internal/errors/errors.go:74.43,75.39 1 0
github.com/milos85vasic/My-Patreon-Manager/internal/errors/errors.go:75.39,77.3 1 0
github.com/milos85vasic/My-Patreon-Manager/internal/errors/errors.go:78.2,78.14 1 0
