mode: set
github.com/milos85vasic/My-Patreon-Manager/internal/providers/patreon/client.go:34.65,42.2 1 1
github.com/milos85vasic/My-Patreon-Manager/internal/providers/patreon/client.go:44.50,46.2 1 0
github.com/milos85vasic/My-Patreon-Manager/internal/providers/patreon/client.go:48.45,50.2 1 1
github.com/milos85vasic/My-Patreon-Manager/internal/providers/patreon/client.go:52.60,54.2 1 1
github.com/milos85vasic/My-Patreon-Manager/internal/providers/patreon/client.go:56.38,58.2 1 0
github.com/milos85vasic/My-Patreon-Manager/internal/providers/patreon/client.go:60.47,62.2 1 1
github.com/milos85vasic/My-Patreon-Manager/internal/providers/patreon/client.go:64.111,66.46 1 1
github.com/milos85vasic/My-Patreon-Manager/internal/providers/patreon/client.go:66.46,68.18 2 1
github.com/milos85vasic/My-Patreon-Manager/internal/providers/patreon/client.go:68.18,70.18 2 1
github.com/milos85vasic/My-Patreon-Manager/internal/providers/patreon/client.go:70.18,72.5 1 0
github.com/milos85vasic/My-Patreon-Manager/internal/providers/patreon/client.go:73.4,73.35 1 1
github.com/milos85vasic/My-Patreon-Manager/internal/providers/patreon/client.go:75.3,76.17 2 1
github.com/milos85vasic/My-Patreon-Manager/internal/providers/patreon/client.go:76.17,78.4 1 0
github.com/milos85vasic/My-Patreon-Manager/internal/providers/patreon/client.go:79.3,82.18 4 1
github.com/milos85vasic/My-Patreon-Manager/internal/providers/patreon/client.go:85.2,86.16 2 1
github.com/milos85vasic/My-Patreon-Manager/internal/providers/patreon/client.go:86.16,88.3 1 0
github.com/milos85vasic/My-Patreon-Manager/internal/providers/patreon/client.go:90.2,91.16 2 1
github.com/milos85vasic/My-Patreon-Manager/internal/providers/patreon/client.go:91.16,93.3 1 1
github.com/milos85vasic/My-Patreon-Manager/internal/providers/patreon/client.go:95.2,95.28 1 1
github.com/milos85vasic/My-Patreon-Manager/internal/providers/patreon/client.go:95.28,97.60 2 1
github.com/milos85vasic/My-Patreon-Manager/internal/providers/patreon/client.go:97.60,99.4 1 0
github.com/milos85vasic/My-Patreon-Manager/internal/providers/patreon/client.go:101.3,102.17 2 1
github.com/milos85vasic/My-Patreon-Manager/internal/providers/patreon/client.go:102.17,104.4 1 0
github.com/milos85vasic/My-Patreon-Manager/internal/providers/patreon/client.go:105.3,106.17 2 1
github.com/milos85vasic/My-Patreon-Manager/internal/providers/patreon/client.go:106.17,108.4 1 0
github.com/milos85vasic/My-Patreon-Manager/internal/providers/patreon/client.go:111.2,111.28 1 1
github.com/milos85vasic/My-Patreon-Manager/internal/providers/patreon/client.go:111.28,115.3 3 1
github.com/milos85vasic/My-Patreon-Manager/internal/providers/patreon/client.go:117.2,117.18 1 1
github.com/milos85vasic/My-Patreon-Manager/internal/providers/patreon/client.go:120.131,122.34 2 1
github.com/milos85vasic/My-Patreon-Manager/internal/providers/patreon/client.go:122.34,124.17 2 1
github.com/milos85vasic/My-Patreon-Manager/internal/providers/patreon/client.go:124.17,125.33 1 1
github.com/milos85vasic/My-Patreon-Manager/internal/providers/patreon/client.go:125.33,130.13 5 1
github.com/milos85vasic/My-Patreon-Manager/internal/providers/patreon/client.go:132.4,132.19 1 1
github.com/milos85vasic/My-Patreon-Manager/internal/providers/patreon/client.go:134.3,134.19 1 1
github.com/milos85vasic/My-Patreon-Manager/internal/providers/patreon/client.go:136.2,136.21 1 1
github.com/milos85vasic/My-Patreon-Manager/internal/providers/patreon/client.go:139.77,142.16 3 1
github.com/milos85vasic/My-Patreon-Manager/internal/providers/patreon/client.go:142.16,144.3 1 1
github.com/milos85vasic/My-Patreon-Manager/internal/providers/patreon/client.go:145.2,157.67 3 1
github.com/milos85vasic/My-Patreon-Manager/internal/providers/patreon/client.go:157.67,159.3 1 1
github.com/milos85vasic/My-Patreon-Manager/internal/providers/patreon/client.go:160.2,165.8 1 1
github.com/milos85vasic/My-Patreon-Manager/internal/providers/patreon/client.go:168.72,171.16 3 1
github.com/milos85vasic/My-Patreon-Manager/internal/providers/patreon/client.go:171.16,173.3 1 0
github.com/milos85vasic/My-Patreon-Manager/internal/providers/patreon/client.go:174.2,187.67 3 1
github.com/milos85vasic/My-Patreon-Manager/internal/providers/patreon/client.go:187.67,189.3 1 0
github.com/milos85vasic/My-Patreon-Manager/internal/providers/patreon/client.go:191.2,192.32 2 1
github.com/milos85vasic/My-Patreon-Manager/internal/providers/patreon/client.go:192.32,201.3 1 1
github.com/milos85vasic/My-Patreon-Manager/internal/providers/patreon/client.go:202.2,202.19 1 1
github.com/milos85vasic/My-Patreon-Manager/internal/providers/patreon/client.go:205.91,226.16 4 1
github.com/milos85vasic/My-Patreon-Manager/internal/providers/patreon/client.go:226.16,228.3 1 0
github.com/milos85vasic/My-Patreon-Manager/internal/providers/patreon/client.go:229.2,236.67 3 1
github.com/milos85vasic/My-Patreon-Manager/internal/providers/patreon/client.go:236.67,238.3 1 0
github.com/milos85vasic/My-Patreon-Manager/internal/providers/patreon/client.go:239.2,241.18 3 1
github.com/milos85vasic/My-Patreon-Manager/internal/providers/patreon/client.go:244.91,258.16 4 1
github.com/milos85vasic/My-Patreon-Manager/internal/providers/patreon/client.go:258.16,260.3 1 0
github.com/milos85vasic/My-Patreon-Manager/internal/providers/patreon/client.go:261.2,262.18 2 1
github.com/milos85vasic/My-Patreon-Manager/internal/providers/patreon/client.go:265.71,268.16 3 1
github.com/milos85vasic/My-Patreon-Manager/internal/providers/patreon/client.go:268.16,270.3 1 0
github.com/milos85vasic/My-Patreon-Manager/internal/providers/patreon/client.go:271.2,272.12 2 1
github.com/milos85vasic/My-Patreon-Manager/internal/providers/patreon/client.go:275.93,278.29 3 1
github.com/milos85vasic/My-Patreon-Manager/internal/providers/patreon/client.go:278.29,280.3 1 1
github.com/milos85vasic/My-Patreon-Manager/internal/providers/patreon/client.go:281.2,292.16 3 1
github.com/milos85vasic/My-Patreon-Manager/internal/providers/patreon/client.go:292.16,294.3 1 0
github.com/milos85vasic/My-Patreon-Manager/internal/providers/patreon/client.go:295.2,296.12 2 1
github.com/milos85vasic/My-Patreon-Manager/internal/providers/patreon/oauth.go:25.96,34.2 1 1
github.com/milos85vasic/My-Patreon-Manager/internal/providers/patreon/oauth.go:36.49,38.2 1 1
github.com/milos85vasic/My-Patreon-Manager/internal/providers/patreon/oauth.go:40.60,41.26 1 1
github.com/milos85vasic/My-Patreon-Manager/internal/providers/patreon/oauth.go:41.26,43.3 1 1
github.com/milos85vasic/My-Patreon-Manager/internal/providers/patreon/oauth.go:45.2,52.16 7 1
github.com/milos85vasic/My-Patreon-Manager/internal/providers/patreon/oauth.go:52.16,54.3 1 0
github.com/milos85vasic/My-Patreon-Manager/internal/providers/patreon/oauth.go:55.2,58.16 3 1
github.com/milos85vasic/My-Patreon-Manager/internal/providers/patreon/oauth.go:58.16,60.3 1 1
github.com/milos85vasic/My-Patreon-Manager/internal/providers/patreon/oauth.go:61.2,63.38 2 1
github.com/milos85vasic/My-Patreon-Manager/internal/providers/patreon/oauth.go:63.38,65.3 1 1
github.com/milos85vasic/My-Patreon-Manager/internal/providers/patreon/oauth.go:67.2,74.70 2 1
github.com/milos85vasic/My-Patreon-Manager/internal/providers/patreon/oauth.go:74.70,76.3 1 1
github.com/milos85vasic/My-Patreon-Manager/internal/providers/patreon/oauth.go:79.2,80.34 2 1
github.com/milos85vasic/My-Patreon-Manager/internal/providers/patreon/oauth.go:80.34,82.3 1 1
github.com/milos85vasic/My-Patreon-Manager/internal/providers/patreon/oauth.go:85.2,85.28 1 1
github.com/milos85vasic/My-Patreon-Manager/internal/providers/patreon/oauth.go:85.28,87.3 1 1
github.com/milos85vasic/My-Patreon-Manager/internal/providers/patreon/oauth.go:88.2,88.12 1 1
github.com/milos85vasic/My-Patreon-Manager/internal/providers/patreon/oauth.go:91.44,96.2 4 1
github.com/milos85vasic/My-Patreon-Manager/internal/providers/patreon/oauth.go:98.91,100.2 1 1
github.com/milos85vasic/My-Patreon-Manager/internal/providers/patreon/oauth.go:103.54,105.2 1 1
github.com/milos85vasic/My-Patreon-Manager/internal/providers/patreon/oauth.go:108.67,110.2 1 1
